\BOOKMARK [0][-]{figure.caption.1}{\376\377\004\043\004\064\004\070\004\100\004\102\004\063\004\060\004\073}{}% 1
\BOOKMARK [1][-]{section.2}{\376\377\004\043\004\064\004\070\004\100\004\102\004\063\004\060\004\073}{figure.caption.1}% 2
\BOOKMARK [1][-]{section.3}{\376\377\004\027\004\076\004\100\004\070\004\073\004\063\004\076\000\040}{figure.caption.1}% 3
\BOOKMARK [1][-]{section.4}{\376\377\000\040\004\027\004\076\004\100\004\070\004\073\004\102\000\040}{figure.caption.1}% 4
\BOOKMARK [0][-]{chapter.8}{\376\377\004\036\004\075\004\076\004\073\004\113\004\075\000\040\004\105\004\115\004\101\004\115\004\063}{}% 5
\BOOKMARK [1][-]{section.9}{\376\377\004\042\004\076\004\073\004\114\000\040\004\061\004\070\004\107\004\063\004\070\004\071\004\075\000\040\004\105\004\060\004\073\004\064\004\073\004\060\004\063\004\060\000\040\004\063\004\115\004\066\000\040\004\116\004\103\000\040\004\062\004\115\000\040\000?}{chapter.8}% 6
\BOOKMARK [2][-]{subsection.10}{\376\377\004\020\004\100\004\063\004\060\004\107\004\073\004\060\004\073}{section.9}% 7
\BOOKMARK [2][-]{subsection.11}{\376\377\004\035\004\103\004\103\004\106\000\040\004\257\004\063\000\040\004\063\004\115\004\066\000\040\004\116\004\103\000\040\004\062\004\115\000?}{section.9}% 8
\BOOKMARK [3][-]{subsubsection*.12}{\376\377\004\256\004\071\004\073\004\064\004\073\004\070\004\071\004\075\000\040\004\101\004\070\004\101\004\102\004\065\004\074\000\040\004\064\004\115\004\105\000\040\004\075\004\103\004\103\004\106\000\040\004\257\004\063}{subsection.11}% 9
\BOOKMARK [3][-]{subsubsection*.14}{\376\377\000U\000n\000i\000x\000/\000L\000i\000n\000u\000x\000\040\000M\000D\0005\000\040\004\075\004\103\004\103\004\106\000\040\004\257\004\063\004\075\004\070\004\071\000\040\004\101\004\105\004\065\004\074}{subsection.11}% 10
\BOOKMARK [2][-]{subsection.17}{\376\377\004\041\004\103\004\064\004\060\004\073\004\063\004\060\004\060}{section.9}% 11
\BOOKMARK [1][-]{section.20}{\376\377\004\042\004\076\004\073\004\114\000\040\004\061\004\070\004\107\004\063\004\070\004\071\004\075\000\040\004\105\004\060\004\073\004\064\004\073\004\060\004\063\004\113\004\075\000\040\004\065\004\100\004\351\004\075\004\105\004\070\004\071\000\040\0005\000\040\004\102\004\351\004\100\004\351\004\073}{chapter.8}% 12
\BOOKMARK [2][-]{subsection.21}{\376\377\000B\000r\000u\000t\000e\000-\000f\000o\000r\000c\000e\000\040\004\105\004\060\004\073\004\064\004\073\004\060\004\063\004\060\000\040\004\063\004\115\004\066\000\040\004\116\004\103\000\040\004\062\004\115\000?}{section.20}% 13
\BOOKMARK [2][-]{subsection.22}{\376\377\000H\000y\000b\000r\000i\000d\000\040\004\105\004\060\004\073\004\064\004\073\004\060\004\063\004\060\000\040\004\063\004\115\004\066\000\040\004\116\004\103\000\040\004\062\004\115\000?}{section.20}% 14
\BOOKMARK [2][-]{subsection.23}{\376\377\000S\000y\000l\000l\000a\000b\000l\000e\000\040\004\105\004\060\004\073\004\064\004\073\004\060\004\063\004\060\000\040\004\063\004\115\004\066\000\040\004\116\004\103\000\040\004\062\004\115\000?}{section.20}% 15
\BOOKMARK [2][-]{subsection.24}{\376\377\000R\000u\000l\000e\000-\000B\000a\000s\000e\000d\000\040\004\105\004\060\004\073\004\064\004\073\004\060\004\063\004\060\000\040\004\063\004\115\004\066\000\040\004\116\004\103\000\040\004\062\004\115\000?}{section.20}% 16
\BOOKMARK [2][-]{subsection.25}{\376\377\000R\000a\000i\000n\000b\000o\000w\000\040\000t\000a\000b\000l\000e\000\040\004\105\004\060\004\073\004\064\004\073\004\060\004\063\004\060\000\040\004\063\004\115\004\066\000\040\004\116\004\103\000\040\004\062\004\115\000?}{section.20}% 17
\BOOKMARK [1][-]{section.26}{\376\377\004\045\004\060\004\073\004\064\004\073\004\060\004\063\004\060\000\040\004\105\004\070\004\071\004\105\000\040\004\061\004\076\004\073\004\076\004\074\004\066\004\102\004\076\004\071\000\040\004\077\004\100\004\076\004\063\004\100\004\060\004\074\004\103\004\103\004\064}{chapter.8}% 18
\BOOKMARK [2][-]{subsubsection*.27}{\376\377\000C\000a\000i\000n\000\040\000a\000n\000d\000\040\000A\000b\000e\000l}{section.26}% 19
\BOOKMARK [3][-]{subsubsection*.28}{\376\377\000C\000r\000a\000c\000k}{subsubsection*.27}% 20
\BOOKMARK [3][-]{subsubsection*.29}{\376\377\000A\000i\000r\000c\000r\000a\000c\000k\000-\000n\000g}{subsubsection*.27}% 21
\BOOKMARK [3][-]{subsubsection*.30}{\376\377\000J\000o\000h\000n\000\040\000t\000h\000e\000\040\000R\000i\000p\000p\000e\000r}{subsubsection*.27}% 22
\BOOKMARK [3][-]{subsubsection*.31}{\376\377\000L\0000\000p\000h\000t\000C\000r\000a\000c\000k}{subsubsection*.27}% 23
\BOOKMARK [3][-]{subsubsection*.32}{\376\377\000O\000p\000h\000c\000r\000a\000c\000k}{subsubsection*.27}% 24
\BOOKMARK [1][-]{section.33}{\376\377\004\042\004\076\004\073\004\114\000\040\004\061\004\070\004\107\004\063\004\070\004\071\004\075\000\040\004\105\004\060\004\073\004\064\004\073\004\060\004\063\004\060\004\060\004\101\000\040\004\101\004\115\004\100\004\063\004\070\004\071\004\073\004\115\004\105\000\040\004\075\004\114}{chapter.8}% 25
\BOOKMARK [2][-]{subsection.34}{\376\377\004\041\004\115\004\100\004\063\004\070\004\071\004\073\004\115\004\105\000\040\004\060\004\100\004\063\004\060\000\040\004\105\004\115\004\074\004\066\004\115\004\115\004\075\004\257\004\257\004\064\004\070\004\071\004\075\000\040\004\101\004\103\004\073\000\040\004\102\004\060\004\073}{section.33}% 26
\BOOKMARK [3][-]{subsubsection*.35}{\376\377\000A\000c\000c\000o\000u\000n\000t\000\040\000l\000o\000c\000k\000i\000n\000g\000-\004\113\004\075\000\040\004\115\004\100\004\101\004\064\004\115\004\073}{subsection.34}% 27
\BOOKMARK [2][-]{subsection.36}{\376\377\000T\000o\000o\000l\000s\000-\000R\000e\000v\000e\000r\000s\000e\000\040\000T\000u\000r\000i\000n\000g\000\040\000T\000e\000s\000t\000s}{section.33}% 28
